<?xml version="1.0" encoding="UTF-8"?>
<!-- Generated by org.testng.reporters.JUnitReportReporter -->
<testsuite skipped="0" hostname="LENOVO" name="com.actitime.tests.LoginTest" tests="1" failures="0" timestamp="27 Aug 2018 04:59:55 GMT" time="30.954" errors="0">
  <testcase name="login" time="30.954" classname="com.actitime.tests.LoginTest"/>
</testsuite> <!-- com.actitime.tests.LoginTest -->
